#**************************************************************************
# Blender Model List
# 2012-04-20
# Xotic750
# This release may be used under the terms of the license: GPLv2
# http://www.gnu.org/licenses/gpl-2.0.html
#**************************************************************************

dmu
dash
sh25
floss47
sh125
sh30
sh40
passenger
mail
armoured
uu37
goods
livestock
tank
flatbed
flatbed_container
flatbed_vehicles
flatbed_sides
flatbed_oil_stage1
flatbed_oil_stage2
flatbed_oil_full
flatbed_refinery_stage1
flatbed_refinery_stage2
flatbed_refinery_full
flatbed_retainers
flatbed_wood_stage1
flatbed_wood_stage2
flatbed_wood_full
flatbed_paper_stage1
flatbed_paper_stage2
flatbed_paper_full
flatbed_steel_stage1
flatbed_steel_stage2
flatbed_steel_full
flatbed_timber_stage1
flatbed_timber_stage2
flatbed_timber_full
